Start auto log messages stack - Iteration 1.	[MsgId: MMSG-10545]
UC02_Check_After_Cancel.c(6): Resource "http://localhost:1080/WebTours/images/home.gif" is in the cache already and will not be downloaded again  	[MsgId: MMSG-26655]
UC02_Check_After_Cancel.c(6): Resource "http://localhost:1080/WebTours/images/signoff.gif" is in the cache already and will not be downloaded again  	[MsgId: MMSG-26655]
UC02_Check_After_Cancel.c(6): Resource "http://localhost:1080/WebTours/images/cancelreservation.gif" is in the cache already and will not be downloaded again  	[MsgId: MMSG-26655]
UC02_Check_After_Cancel.c(6): Resource "http://localhost:1080/WebTours/images/cancelallreservations.gif" is in the cache already and will not be downloaded again  	[MsgId: MMSG-26655]
UC02_Check_After_Cancel.c(6): Error -26366: "Text=No flights have been reserved." not found for web_reg_find  	[MsgId: MERR-26366]
End auto log messages stack.	[MsgId: MMSG-10544]


Start auto log messages stack - Iteration 5.	[MsgId: MMSG-10545]
UC02_Check_After_Cancel.c(6): Resource "http://localhost:1080/WebTours/images/home.gif" is in the cache already and will not be downloaded again  	[MsgId: MMSG-26655]
UC02_Check_After_Cancel.c(6): Resource "http://localhost:1080/WebTours/images/signoff.gif" is in the cache already and will not be downloaded again  	[MsgId: MMSG-26655]
UC02_Check_After_Cancel.c(6): Resource "http://localhost:1080/WebTours/images/cancelreservation.gif" is in the cache already and will not be downloaded again  	[MsgId: MMSG-26655]
UC02_Check_After_Cancel.c(6): Resource "http://localhost:1080/WebTours/images/cancelallreservations.gif" is in the cache already and will not be downloaded again  	[MsgId: MMSG-26655]
UC02_Check_After_Cancel.c(6): Error -26366: "Text=No flights have been reserved." not found for web_reg_find  	[MsgId: MERR-26366]
End auto log messages stack.	[MsgId: MMSG-10544]


Start auto log messages stack - Iteration 5.	[MsgId: MMSG-10545]
UC02_Check_After_Cancel.c(6): Resource "http://localhost:1080/WebTours/images/home.gif" is in the cache already and will not be downloaded again  	[MsgId: MMSG-26655]
UC02_Check_After_Cancel.c(6): Resource "http://localhost:1080/WebTours/images/signoff.gif" is in the cache already and will not be downloaded again  	[MsgId: MMSG-26655]
UC02_Check_After_Cancel.c(6): Resource "http://localhost:1080/WebTours/images/cancelreservation.gif" is in the cache already and will not be downloaded again  	[MsgId: MMSG-26655]
UC02_Check_After_Cancel.c(6): Resource "http://localhost:1080/WebTours/images/cancelallreservations.gif" is in the cache already and will not be downloaded again  	[MsgId: MMSG-26655]
UC02_Check_After_Cancel.c(6): Error -26366: "Text=No flights have been reserved." not found for web_reg_find  	[MsgId: MERR-26366]
End auto log messages stack.	[MsgId: MMSG-10544]


