Virtual User Script started at : 25.01.2019 13:34:15
Starting action vuser_init.
Web Turbo Replay of LoadRunner 12.53.0 for Windows 7; build 1203 (џэт 25 2019 19:13:20)  	[MsgId: MMSG-26983]
Run mode: HTML  	[MsgId: MMSG-26993]
Replay user agent: Mozilla/5.0 (Windows NT 6.1; WOW64; Trident/7.0; rv:11.0) like Gecko  	[MsgId: MMSG-26988]
Run-Time Settings file: "D:\Users\user\Documents\VuGen\Scripts\UC00_First_Quest_Vasiliev\\default.cfg"  	[MsgId: MMSG-27141]
vuser_init.c(13): web_reg_save_param started  	[MsgId: MMSG-26355]
vuser_init.c(13): Registering web_reg_save_param was successful  	[MsgId: MMSG-26390]
vuser_init.c(18): web_url("WebTours") started  	[MsgId: MMSG-26355]
vuser_init.c(18): Downloading resource "https://www.bing.com/favicon.ico" (specified by argument number 10)  	[MsgId: MMSG-26577]
vuser_init.c(18): Redirecting "http://localhost:1080/WebTours" (redirection depth is 0)  	[MsgId: MMSG-26694]
vuser_init.c(18): To location "http://localhost:1080/WebTours/"  	[MsgId: MMSG-26693]
vuser_init.c(18): Detected non-resource "http://localhost:1080/WebTours/header.html" in "http://localhost:1080/WebTours/"  	[MsgId: MMSG-26574]
vuser_init.c(18): Detected non-resource "http://localhost:1080/cgi-bin/welcome.pl?signOff=true" in "http://localhost:1080/WebTours/"  	[MsgId: MMSG-26574]
vuser_init.c(18): Found resource "http://localhost:1080/WebTours/images/hp_logo.png" in HTML "http://localhost:1080/WebTours/header.html"  	[MsgId: MMSG-26659]
vuser_init.c(18): Found resource "http://localhost:1080/WebTours/images/webtours.png" in HTML "http://localhost:1080/WebTours/header.html"  	[MsgId: MMSG-26659]
vuser_init.c(18): Detected non-resource "http://localhost:1080/cgi-bin/nav.pl?in=home" in "http://localhost:1080/cgi-bin/welcome.pl?signOff=true"  	[MsgId: MMSG-26574]
vuser_init.c(18): Detected non-resource "http://localhost:1080/WebTours/home.html" in "http://localhost:1080/cgi-bin/welcome.pl?signOff=true"  	[MsgId: MMSG-26574]
vuser_init.c(18): Found resource "http://localhost:1080/WebTours/images/mer_login.gif" in HTML "http://localhost:1080/cgi-bin/nav.pl?in=home"  	[MsgId: MMSG-26659]
vuser_init.c(18): web_url("WebTours") was successful, 10552 body bytes, 2982 header bytes, 24 chunking overhead bytes  	[MsgId: MMSG-26385]
vuser_init.c(34): Notify: Transaction "UC00_TR01_Login" started.
vuser_init.c(36): web_submit_data("login.pl") started  	[MsgId: MMSG-26355]
vuser_init.c(36): Detected non-resource "http://localhost:1080/cgi-bin/nav.pl?page=menu&in=home" in "http://localhost:1080/cgi-bin/login.pl"  	[MsgId: MMSG-26574]
vuser_init.c(36): Detected non-resource "http://localhost:1080/cgi-bin/login.pl?intro=true" in "http://localhost:1080/cgi-bin/login.pl"  	[MsgId: MMSG-26574]
vuser_init.c(36): Found resource "http://localhost:1080/WebTours/images/flights.gif" in HTML "http://localhost:1080/cgi-bin/nav.pl?page=menu&in=home"  	[MsgId: MMSG-26659]
vuser_init.c(36): Found resource "http://localhost:1080/WebTours/images/itinerary.gif" in HTML "http://localhost:1080/cgi-bin/nav.pl?page=menu&in=home"  	[MsgId: MMSG-26659]
vuser_init.c(36): Found resource "http://localhost:1080/WebTours/images/in_home.gif" in HTML "http://localhost:1080/cgi-bin/nav.pl?page=menu&in=home"  	[MsgId: MMSG-26659]
vuser_init.c(36): Found resource "http://localhost:1080/WebTours/images/signoff.gif" in HTML "http://localhost:1080/cgi-bin/nav.pl?page=menu&in=home"  	[MsgId: MMSG-26659]
vuser_init.c(36): web_submit_data("login.pl") was successful, 5779 body bytes, 2031 header bytes, 36 chunking overhead bytes  	[MsgId: MMSG-26385]
vuser_init.c(53): Notify: Transaction "UC00_TR01_Login" ended with a "Pass" status (Duration: 0.1576 Wasted Time: 0.0042).
Ending action vuser_init.
Running Vuser...
Starting iteration 1.
Warning -27077: The "vuser_init" section contains web function(s) when the "Simulate a new user on each iteration" Run-Time Setting is ON.  This may produce unpredictable results with multiple iterations  	[MsgId: MWAR-27077]
Maximum number of concurrent connections per server: 6  	[MsgId: MMSG-26989]
Starting action UC01_Find_Flight.
UC01_Find_Flight.c(6): Notify: Transaction "UC01_TR01_Button_Flights" started.
UC01_Find_Flight.c(8): web_url("welcome.pl") started  	[MsgId: MMSG-26355]
UC01_Find_Flight.c(8): Detected non-resource "http://localhost:1080/cgi-bin/nav.pl?page=menu&in=flights" in "http://localhost:1080/cgi-bin/welcome.pl?page=search"  	[MsgId: MMSG-26574]
UC01_Find_Flight.c(8): Detected non-resource "http://localhost:1080/cgi-bin/reservations.pl?page=welcome" in "http://localhost:1080/cgi-bin/welcome.pl?page=search"  	[MsgId: MMSG-26574]
UC01_Find_Flight.c(8): Found resource "http://localhost:1080/WebTours/images/in_flights.gif" in HTML "http://localhost:1080/cgi-bin/nav.pl?page=menu&in=flights"  	[MsgId: MMSG-26659]
UC01_Find_Flight.c(8): Resource "http://localhost:1080/WebTours/images/itinerary.gif" is in the cache already and will not be downloaded again  	[MsgId: MMSG-26655]
UC01_Find_Flight.c(8): Found resource "http://localhost:1080/WebTours/images/home.gif" in HTML "http://localhost:1080/cgi-bin/nav.pl?page=menu&in=flights"  	[MsgId: MMSG-26659]
UC01_Find_Flight.c(8): Resource "http://localhost:1080/WebTours/images/signoff.gif" is in the cache already and will not be downloaded again  	[MsgId: MMSG-26655]
UC01_Find_Flight.c(8): Found resource "http://localhost:1080/WebTours/images/button_next.gif" in HTML "http://localhost:1080/cgi-bin/reservations.pl?page=welcome"  	[MsgId: MMSG-26659]
UC01_Find_Flight.c(8): web_url("welcome.pl") was successful, 8516 body bytes, 1616 header bytes, 43 chunking overhead bytes  	[MsgId: MMSG-26385]
UC01_Find_Flight.c(18): Notify: Transaction "UC01_TR01_Button_Flights" ended with a "Pass" status (Duration: 0.1286 Wasted Time: 0.0032).
UC01_Find_Flight.c(22): Notify: Transaction "UC01_Fill_Find_Flight" started.
UC01_Find_Flight.c(24): web_submit_data("reservations.pl") started  	[MsgId: MMSG-26355]
UC01_Find_Flight.c(24): Resource "http://localhost:1080/WebTours/images/button_next.gif" is in the cache already and will not be downloaded again  	[MsgId: MMSG-26655]
UC01_Find_Flight.c(24): web_submit_data("reservations.pl") was successful, 2447 body bytes, 249 header bytes  	[MsgId: MMSG-26386]
UC01_Find_Flight.c(48): Notify: Transaction "UC01_Fill_Find_Flight" ended with a "Pass" status (Duration: 0.1225 Wasted Time: 0.0011).
Ending action UC01_Find_Flight.
Starting action UCO3_Ordering.
UCO3_Ordering.c(6): Notify: Transaction "UC03_TR01_Pick_Flight" started.
UCO3_Ordering.c(8): web_submit_data("reservations.pl_2") started  	[MsgId: MMSG-26355]
UCO3_Ordering.c(8): Resource "http://localhost:1080/WebTours/images/button_next.gif" is in the cache already and will not be downloaded again  	[MsgId: MMSG-26655]
UCO3_Ordering.c(8): web_submit_data("reservations.pl_2") was successful, 2703 body bytes, 255 header bytes, 12 chunking overhead bytes  	[MsgId: MMSG-26385]
UCO3_Ordering.c(26): Notify: Transaction "UC03_TR01_Pick_Flight" ended with a "Pass" status (Duration: 0.1561 Wasted Time: 0.0014).
UCO3_Ordering.c(30): Notify: Transaction "UC03_TR02_Fill_Payment_Details" started.
UCO3_Ordering.c(32): web_submit_data("reservations.pl_3") started  	[MsgId: MMSG-26355]
UCO3_Ordering.c(32): Found resource "http://localhost:1080/WebTours/images/bookanother.gif" in HTML "http://localhost:1080/cgi-bin/reservations.pl"  	[MsgId: MMSG-26659]
UCO3_Ordering.c(32): web_submit_data("reservations.pl_3") was successful, 3285 body bytes, 652 header bytes  	[MsgId: MMSG-26386]
UCO3_Ordering.c(61): Notify: Transaction "UC03_TR02_Fill_Payment_Details" ended with a "Pass" status (Duration: 0.1636 Wasted Time: 0.0018).
Ending action UCO3_Ordering.
Starting action UC02_Check_After_Order.
UC02_Check_After_Order.c(6): Notify: Transaction "UCO2_TR01_Button_Itinerary" started.
UC02_Check_After_Order.c(8): web_url("welcome.pl_2") started  	[MsgId: MMSG-26355]
UC02_Check_After_Order.c(8): Detected non-resource "http://localhost:1080/cgi-bin/nav.pl?page=menu&in=itinerary" in "http://localhost:1080/cgi-bin/welcome.pl?page=itinerary"  	[MsgId: MMSG-26574]
UC02_Check_After_Order.c(8): Detected non-resource "http://localhost:1080/cgi-bin/itinerary.pl" in "http://localhost:1080/cgi-bin/welcome.pl?page=itinerary"  	[MsgId: MMSG-26574]
UC02_Check_After_Order.c(8): Resource "http://localhost:1080/WebTours/images/flights.gif" is in the cache already and will not be downloaded again  	[MsgId: MMSG-26655]
UC02_Check_After_Order.c(8): Found resource "http://localhost:1080/WebTours/images/in_itinerary.gif" in HTML "http://localhost:1080/cgi-bin/nav.pl?page=menu&in=itinerary"  	[MsgId: MMSG-26659]
UC02_Check_After_Order.c(8): Resource "http://localhost:1080/WebTours/images/home.gif" is in the cache already and will not be downloaded again  	[MsgId: MMSG-26655]
UC02_Check_After_Order.c(8): Resource "http://localhost:1080/WebTours/images/signoff.gif" is in the cache already and will not be downloaded again  	[MsgId: MMSG-26655]
UC02_Check_After_Order.c(8): Found resource "http://localhost:1080/WebTours/images/cancelreservation.gif" in HTML "http://localhost:1080/cgi-bin/itinerary.pl"  	[MsgId: MMSG-26659]
UC02_Check_After_Order.c(8): Found resource "http://localhost:1080/WebTours/images/cancelallreservations.gif" in HTML "http://localhost:1080/cgi-bin/itinerary.pl"  	[MsgId: MMSG-26659]
UC02_Check_After_Order.c(8): web_url("welcome.pl_2") was successful, 7006 body bytes, 1616 header bytes, 36 chunking overhead bytes  	[MsgId: MMSG-26385]
UC02_Check_After_Order.c(18): Notify: Transaction "UCO2_TR01_Button_Itinerary" ended with a "Pass" status (Duration: 0.1633 Wasted Time: 0.0032).
Ending action UC02_Check_After_Order.
Starting action UC04_Cancel.
UC04_Cancel.c(6): Notify: Transaction "UC04_TR01_Cancel_Order" started.
UC04_Cancel.c(8): web_submit_data("itinerary.pl") started  	[MsgId: MMSG-26355]
UC04_Cancel.c(8): web_submit_data("itinerary.pl") was successful, 887 body bytes, 255 header bytes, 12 chunking overhead bytes  	[MsgId: MMSG-26385]
UC04_Cancel.c(23): Notify: Transaction "UC04_TR01_Cancel_Order" ended with a "Pass" status (Duration: 0.0981 Wasted Time: 0.0012).
Ending action UC04_Cancel.
Starting action UC02_Check_After_Cancel.
UC02_Check_After_Cancel.c(6): Notify: Transaction "UCO2_TR02_Button_Itinerary" started.
UC02_Check_After_Cancel.c(8): web_url("welcome.pl_3") started  	[MsgId: MMSG-26355]
UC02_Check_After_Cancel.c(8): Detected non-resource "http://localhost:1080/cgi-bin/nav.pl?page=menu&in=itinerary" in "http://localhost:1080/cgi-bin/welcome.pl?page=itinerary"  	[MsgId: MMSG-26574]
UC02_Check_After_Cancel.c(8): Detected non-resource "http://localhost:1080/cgi-bin/itinerary.pl" in "http://localhost:1080/cgi-bin/welcome.pl?page=itinerary"  	[MsgId: MMSG-26574]
UC02_Check_After_Cancel.c(8): Resource "http://localhost:1080/WebTours/images/flights.gif" is in the cache already and will not be downloaded again  	[MsgId: MMSG-26655]
UC02_Check_After_Cancel.c(8): Resource "http://localhost:1080/WebTours/images/in_itinerary.gif" is in the cache already and will not be downloaded again  	[MsgId: MMSG-26655]
UC02_Check_After_Cancel.c(8): Resource "http://localhost:1080/WebTours/images/home.gif" is in the cache already and will not be downloaded again  	[MsgId: MMSG-26655]
UC02_Check_After_Cancel.c(8): Resource "http://localhost:1080/WebTours/images/signoff.gif" is in the cache already and will not be downloaded again  	[MsgId: MMSG-26655]
UC02_Check_After_Cancel.c(8): web_url("welcome.pl_3") was successful, 2960 body bytes, 725 header bytes, 36 chunking overhead bytes  	[MsgId: MMSG-26385]
UC02_Check_After_Cancel.c(18): Notify: Transaction "UCO2_TR02_Button_Itinerary" ended with a "Pass" status (Duration: 0.3013 Wasted Time: 0.0022).
Ending action UC02_Check_After_Cancel.
Ending iteration 1.
Ending Vuser...
Starting action vuser_end.
vuser_end.c(6): Notify: Transaction "UC00_TR02_Sign_off" started.
vuser_end.c(8): web_url("welcome.pl_4") started  	[MsgId: MMSG-26355]
vuser_end.c(8): Detected non-resource "http://localhost:1080/cgi-bin/nav.pl?in=home" in "http://localhost:1080/cgi-bin/welcome.pl?signOff=1"  	[MsgId: MMSG-26574]
vuser_end.c(8): Detected non-resource "http://localhost:1080/WebTours/home.html" in "http://localhost:1080/cgi-bin/welcome.pl?signOff=1"  	[MsgId: MMSG-26574]
vuser_end.c(8): Retrieving data from cache for "http://localhost:1080/WebTours/home.html"  	[MsgId: MMSG-26558]
vuser_end.c(8): Resource "http://localhost:1080/WebTours/images/mer_login.gif" is in the cache already and will not be downloaded again  	[MsgId: MMSG-26655]
vuser_end.c(8): web_url("welcome.pl_4") was successful, 2170 body bytes, 582 header bytes, 24 chunking overhead bytes  	[MsgId: MMSG-26385]
vuser_end.c(18): Notify: Transaction "UC00_TR02_Sign_off" ended with a "Pass" status (Duration: 0.1873 Wasted Time: 0.0016).
Ending action vuser_end.
Vuser Terminated.
